<?xml version="1.0" encoding="UTF-8"?>
<testsuite xmlns:xsi="http://www.w3.org/2001/XMLSchema-instance" xsi:noNamespaceSchemaLocation="https://maven.apache.org/surefire/maven-surefire-plugin/xsd/surefire-test-report.xsd" name="it.unipd.dstack.butterfly.consumer.utils.EmailValidatorTest" time="0.013" tests="1" errors="0" skipped="0" failures="0">
  <properties>
[...]
</properties>
  <testcase name="shouldValidateEmailFormatString" classname="it.unipd.dstack.butterfly.consumer.utils.EmailValidatorTest" time="0.007"/>
</testsuite>