<?xml version="1.0" encoding="UTF-8"?>
<testsuite xmlns:xsi="http://www.w3.org/2001/XMLSchema-instance" xsi:noNamespaceSchemaLocation="https://maven.apache.org/surefire/maven-surefire-plugin/xsd/surefire-test-report.xsd" name="it.unipd.dstack.butterfly.consumer.utils.ConsumerUtilsTest" time="0.042" tests="4" errors="0" skipped="0" failures="0">
  <properties>
[...]
</properties>
  <testcase name="shouldReturnAListOfCommaSeparatedStrings" classname="it.unipd.dstack.butterfly.consumer.utils.ConsumerUtilsTest" time="0.017"/>
  <testcase name="shouldReturnAListOfRecordFromConsumerRecords" classname="it.unipd.dstack.butterfly.consumer.utils.ConsumerUtilsTest" time="0.019"/>
  <testcase name="shouldReturnALowerCaseStringFromEnum" classname="it.unipd.dstack.butterfly.consumer.utils.ConsumerUtilsTest" time="0.001"/>
  <testcase name="shouldReturnAListFromASingletonItem" classname="it.unipd.dstack.butterfly.consumer.utils.ConsumerUtilsTest" time="0.001"/>
</testsuite>